INFO - ===X: gdppc, Y: Government Integrity====
INFO - ******************sin*******************
INFO - Fitted. Model SE: 0.091
INFO - ******************sinh******************
INFO - Fitted. Model SE: 0.094
INFO - ******************cos*******************
INFO - Fitted. Model SE: 0.091
INFO - ******************cosh******************
INFO - Fitted. Model SE: 0.096
INFO - ******************tan*******************
INFO - Fitted. Model SE: 0.168
INFO - ******************tanh******************
INFO - Fitted. Model SE: 0.101
INFO - ******************lnx*******************
INFO - Fitted. Model SE: 0.128
INFO - ******************logx******************
INFO - Fitted. Model SE: 0.128
INFO - ***************euler_exp****************
INFO - Fitted. Model SE: 0.093
INFO - ******************exp*******************
INFO - Fitted. Model SE: 0.093
INFO - ****************logistic****************
INFO - Fitted. Model SE: 0.09
INFO - ***************polynomial***************
INFO - Fitted. Model SE: 0.092
INFO - ***********oscillating_growth***********
INFO - Fitted. Model SE: 0.086
INFO - ************double_gaussian*************
INFO - Fitted. Model SE: 0.091
INFO - *****Finding outliers for a Panel analysis, Method:beta*****
WARNING - It is highly recommended to drop outliers by an expert of the field.
INFO - variable gdppc started.
INFO - variable gdppc done.
INFO - variable Government Integrity started.
INFO - variable Government Integrity done.
INFO - **********Outliers processed.***********
INFO - ===X: gdppc, Y: Government Integrity====
INFO - ******************sin*******************
INFO - Fitted. Model SE: 0.091
INFO - ******************sinh******************
INFO - Fitted. Model SE: 0.094
INFO - ******************cos*******************
INFO - Fitted. Model SE: 0.091
INFO - ******************cosh******************
INFO - Fitted. Model SE: 0.096
INFO - ******************tan*******************
INFO - Fitted. Model SE: 0.168
INFO - ******************tanh******************
INFO - Fitted. Model SE: 0.101
INFO - ******************lnx*******************
INFO - Fitted. Model SE: 0.128
INFO - ******************logx******************
INFO - Fitted. Model SE: 0.128
INFO - ***************euler_exp****************
INFO - Fitted. Model SE: 0.093
INFO - ******************exp*******************
INFO - Fitted. Model SE: 0.093
INFO - ****************logistic****************
INFO - Fitted. Model SE: 0.09
INFO - ***************polynomial***************
INFO - Fitted. Model SE: 0.092
INFO - ***********oscillating_growth***********
INFO - Fitted. Model SE: 0.086
INFO - ************double_gaussian*************
INFO - Fitted. Model SE: 0.091
INFO - ===X: gdppc, Y: Government Integrity====
INFO - ******************sin*******************
INFO - Fitted. Model SE: 0.091
INFO - ******************sinh******************
INFO - Fitted. Model SE: 0.094
INFO - ******************cos*******************
INFO - Fitted. Model SE: 0.091
INFO - ******************cosh******************
INFO - Fitted. Model SE: 0.096
INFO - ******************tan*******************
INFO - Fitted. Model SE: 0.168
INFO - ******************tanh******************
INFO - Fitted. Model SE: 0.101
INFO - ******************lnx*******************
INFO - Fitted. Model SE: 0.128
INFO - ******************logx******************
INFO - Fitted. Model SE: 0.128
INFO - ***************euler_exp****************
INFO - Fitted. Model SE: 0.093
INFO - ******************exp*******************
INFO - Fitted. Model SE: 0.093
INFO - ****************logistic****************
INFO - Fitted. Model SE: 0.09
INFO - ***************polynomial***************
INFO - Fitted. Model SE: 0.092
INFO - ***********oscillating_growth***********
INFO - Fitted. Model SE: 0.086
INFO - ************double_gaussian*************
INFO - Fitted. Model SE: 0.091
INFO - *****Finding outliers for a Panel analysis, Method:beta*****
WARNING - It is highly recommended to drop outliers by an expert of the field.
INFO - variable gdppc started.
INFO - variable gdppc done.
INFO - variable Government Integrity started.
INFO - variable Government Integrity done.
INFO - **********Outliers processed.***********
INFO - ===X: gdppc, Y: Government Integrity====
INFO - ******************sin*******************
INFO - Fitted. Model SE: 0.091
INFO - ******************sinh******************
INFO - Fitted. Model SE: 0.094
INFO - ******************cos*******************
INFO - Fitted. Model SE: 0.091
INFO - ******************cosh******************
INFO - Fitted. Model SE: 0.096
INFO - ******************tan*******************
INFO - Fitted. Model SE: 0.168
INFO - ******************tanh******************
INFO - Fitted. Model SE: 0.101
INFO - ******************lnx*******************
INFO - Fitted. Model SE: 0.128
INFO - ******************logx******************
INFO - Fitted. Model SE: 0.128
INFO - ***************euler_exp****************
INFO - Fitted. Model SE: 0.093
INFO - ******************exp*******************
INFO - Fitted. Model SE: 0.093
INFO - ****************logistic****************
INFO - Fitted. Model SE: 0.09
INFO - ***************polynomial***************
INFO - Fitted. Model SE: 0.092
INFO - ***********oscillating_growth***********
INFO - Fitted. Model SE: 0.086
INFO - ************double_gaussian*************
INFO - Fitted. Model SE: 0.091
ERROR - Task was destroyed but it is pending!
task: <Task pending name='Task-1' coro=<Kernel.poll_control_queue() running at C:\Users\siamakkh\Anaconda3\lib\site-packages\ipykernel\kernelbase.py:227> wait_for=<Future finished result=<Future at 0x...state=pending>> cb=[_chain_future.<locals>._call_set_state() at C:\Users\siamakkh\Anaconda3\lib\asyncio\futures.py:391]>
